TRACE launcher : Reading included config 'common.cfg'
TRACE launcher : Reading included config 'types.cfg'
TRACE launcher : Setting 'loadabletypes.inspect.dir' to '../jars'
TRACE launcher : Setting 'loadabletypes.inspect.deep' to 'yes'
TRACE launcher : Setting 'random.seed' to '77'
TRACE launcher : Setting 'kernel.host' to 'localhost'
TRACE launcher : Setting 'kernel.port' to '7000'
TRACE launcher : Setting 'senario.human.random-id' to 'true'
TRACE launcher : Setting 'civilian.help.probability' to '0.1'
TRACE launcher : Setting 'civilian.ouch.probability' to '0.1'
TRACE launcher : Setting 'civilian.conscious.threshold' to '2500'
INFO launcher : Processing jar directory: /media/swha/DATA/WorkDir/HPC_v3/RCRS/simulator/roborescue-v1.2/boot/../jars
INFO launcher : Processing ../jars/clear.jar
DEBUG launcher : Inspecting manifest...
DEBUG launcher : Looking for likely class names...
INFO launcher : Processing ../jars/collapse.jar
DEBUG launcher : Inspecting manifest...
DEBUG launcher : Looking for likely class names...
INFO launcher : Processing ../jars/gis2.jar
DEBUG launcher : Inspecting manifest...
DEBUG launcher : Looking for likely class names...
INFO launcher : Processing ../jars/handy.jar
DEBUG launcher : Inspecting manifest...
DEBUG launcher : Looking for likely class names...
INFO launcher : Processing ../jars/human.jar
DEBUG launcher : Inspecting manifest...
DEBUG launcher : Looking for likely class names...
INFO launcher : Processing ../jars/ignition.jar
DEBUG launcher : Inspecting manifest...
DEBUG launcher : Looking for likely class names...
INFO launcher : Processing ../jars/kernel.jar
DEBUG launcher : Inspecting manifest...
DEBUG launcher : Looking for likely class names...
INFO launcher : Processing ../jars/maps.jar
DEBUG launcher : Inspecting manifest...
DEBUG launcher : Looking for likely class names...
INFO launcher : Processing ../jars/misc.jar
DEBUG launcher : Inspecting manifest...
DEBUG launcher : Looking for likely class names...
INFO launcher : Processing ../jars/resq-fire.jar
DEBUG launcher : Inspecting manifest...
DEBUG launcher : Looking for likely class names...
INFO launcher : Processing ../jars/sample.jar
DEBUG launcher : Inspecting manifest...
DEBUG launcher : Looking for likely class names...
INFO launcher : No INSTANCE field in class sample.CustomRegistryTestAgent$CustomEntityFactory
INFO launcher : Could not instantiate class sample.CustomRegistryTestAgent$CustomEntityFactory
INFO launcher : Processing ../jars/standard.jar
DEBUG launcher : Inspecting manifest...
DEBUG launcher : Looking for likely class names...
INFO launcher : Registered entity factory 'rescuecore2.standard.entities.StandardEntityFactory' with registry System
INFO launcher : Registered property factory 'rescuecore2.standard.entities.StandardPropertyFactory' with registry System
INFO launcher : Registered message factory 'rescuecore2.standard.messages.StandardMessageFactory' with registry System
INFO launcher : Processing ../jars/traffic3.jar
DEBUG launcher : Inspecting manifest...
DEBUG launcher : Looking for likely class names...
INFO launcher : Launching many instances of component 'sample.SampleCivilian'...
INFO launcher : Launching instance 1...
INFO launcher : success
INFO launcher : Launching instance 2...
