TRACE launcher : Reading included config 'common.cfg'
TRACE launcher : Reading included config 'types.cfg'
TRACE launcher : Setting 'loadabletypes.inspect.dir' to '../jars'
TRACE launcher : Setting 'loadabletypes.inspect.deep' to 'yes'
TRACE launcher : Setting 'random.seed' to '77'
TRACE launcher : Setting 'kernel.host' to 'localhost'
TRACE launcher : Setting 'kernel.port' to '7000'
TRACE launcher : Setting 'senario.human.random-id' to 'true'
TRACE launcher : Setting 'collapse.wood.p-destroyed' to '0.2'
TRACE launcher : Setting 'collapse.wood.p-severe' to '0.15'
TRACE launcher : Setting 'collapse.wood.p-moderate' to '0.15'
TRACE launcher : Setting 'collapse.wood.p-slight' to '0.1'
TRACE launcher : Setting 'collapse.wood.p-none' to '0.4'
TRACE launcher : Setting 'collapse.steel.p-destroyed' to '0.2'
TRACE launcher : Setting 'collapse.steel.p-severe' to '0.2'
TRACE launcher : Setting 'collapse.steel.p-moderate' to '0.2'
TRACE launcher : Setting 'collapse.steel.p-slight' to '0.2'
TRACE launcher : Setting 'collapse.steel.p-none' to '0.2'
TRACE launcher : Setting 'collapse.concrete.p-destroyed' to '0.35'
TRACE launcher : Setting 'collapse.concrete.p-severe' to '0.25'
TRACE launcher : Setting 'collapse.concrete.p-moderate' to '0.2'
TRACE launcher : Setting 'collapse.concrete.p-slight' to '0.1'
TRACE launcher : Setting 'collapse.concrete.p-none' to '0.1'
TRACE launcher : Setting 'collapse.destroyed.mean' to '100'
TRACE launcher : Setting 'collapse.destroyed.sd' to '5'
TRACE launcher : Setting 'collapse.severe.mean' to '75'
TRACE launcher : Setting 'collapse.severe.sd' to '5'
TRACE launcher : Setting 'collapse.moderate.mean' to '50'
TRACE launcher : Setting 'collapse.moderate.sd' to '5'
TRACE launcher : Setting 'collapse.slight.mean' to '25'
TRACE launcher : Setting 'collapse.slight.sd' to '5'
TRACE launcher : Setting 'collapse.create-road-blockages' to 'true'
TRACE launcher : Setting 'collapse.floor-height' to '7'
TRACE launcher : Setting 'collapse.wall-extent.min' to '0.1'
TRACE launcher : Setting 'collapse.wall-extent.max' to '0.4'
INFO launcher : Processing jar directory: /media/swha/DATA/WorkDir/HPC_v3/RCRS/simulator/roborescue-v1.2/boot/../jars
INFO launcher : Processing ../jars/clear.jar
DEBUG launcher : Inspecting manifest...
DEBUG launcher : Looking for likely class names...
INFO launcher : Processing ../jars/collapse.jar
DEBUG launcher : Inspecting manifest...
DEBUG launcher : Looking for likely class names...
INFO launcher : Processing ../jars/gis2.jar
DEBUG launcher : Inspecting manifest...
DEBUG launcher : Looking for likely class names...
INFO launcher : Processing ../jars/handy.jar
DEBUG launcher : Inspecting manifest...
DEBUG launcher : Looking for likely class names...
INFO launcher : Processing ../jars/human.jar
DEBUG launcher : Inspecting manifest...
DEBUG launcher : Looking for likely class names...
INFO launcher : Processing ../jars/ignition.jar
DEBUG launcher : Inspecting manifest...
DEBUG launcher : Looking for likely class names...
INFO launcher : Processing ../jars/kernel.jar
DEBUG launcher : Inspecting manifest...
DEBUG launcher : Looking for likely class names...
INFO launcher : Processing ../jars/maps.jar
DEBUG launcher : Inspecting manifest...
DEBUG launcher : Looking for likely class names...
INFO launcher : Processing ../jars/misc.jar
DEBUG launcher : Inspecting manifest...
DEBUG launcher : Looking for likely class names...
INFO launcher : Processing ../jars/resq-fire.jar
DEBUG launcher : Inspecting manifest...
DEBUG launcher : Looking for likely class names...
INFO launcher : Processing ../jars/sample.jar
DEBUG launcher : Inspecting manifest...
DEBUG launcher : Looking for likely class names...
WARN launcher : Class sample.CustomRegistryTestAgent$CustomEntityFactory not found
INFO launcher : Processing ../jars/standard.jar
DEBUG launcher : Inspecting manifest...
DEBUG launcher : Looking for likely class names...
INFO launcher : Registered entity factory 'rescuecore2.standard.entities.StandardEntityFactory' with registry System
INFO launcher : Registered property factory 'rescuecore2.standard.entities.StandardPropertyFactory' with registry System
INFO launcher : Registered message factory 'rescuecore2.standard.messages.StandardMessageFactory' with registry System
INFO launcher : Processing ../jars/traffic3.jar
DEBUG launcher : Inspecting manifest...
DEBUG launcher : Looking for likely class names...
INFO launcher : Launching 1 instances of component 'collapse.CollapseSimulator'...
INFO launcher : Launching instance 1...
INFO launcher : success
